{
  "stats": {
    "suites": 22,
    "tests": 60,
    "passes": 55,
    "pending": 0,
    "failures": 2,
    "start": "2022-02-13T12:23:26.566Z",
    "end": "2022-02-13T12:32:07.718Z",
    "duration": 227442,
    "testsRegistered": 60,
    "passPercent": 91.66666666666667,
    "pendingPercent": 0,
    "other": 0,
    "hasOther": false,
    "skipped": 3,
    "hasSkipped": true
  },
  "results": [
    {
      "uuid": "a76b00ec-762c-401f-b62c-c14204dc4fbf",
      "title": "",
      "fullFile": "cypress/integration/automation-test-store/alias-invoke.js",
      "file": "cypress/integration/automation-test-store/alias-invoke.js",
      "beforeHooks": [],
      "afterHooks": [],
      "tests": [],
      "suites": [
        {
          "uuid": "1054370b-86fb-4416-9234-294c14e37617",
          "title": "Alias and invoke",
          "fullFile": "",
          "file": "",
          "beforeHooks": [],
          "afterHooks": [],
          "tests": [
            {
              "title": "Validate a specific hair care product",
              "fullTitle": "Alias and invoke Validate a specific hair care product",
              "timedOut": null,
              "duration": 30630,
              "state": "passed",
              "speed": "slow",
              "pass": true,
              "fail": false,
              "pending": false,
              "context": null,
              "code": "cy.visit(\"https://automationteststore.com/\");\ncy.get(\"a[href*='product/category&path']\").contains(\"Hair Care\").click();\ncy.get(\".fixed_wrapper .prdocutname\").eq(0).invoke(\"text\").as(\"productThumbnail\");\ncy.get(\"@productThumbnail\").its(\"length\").should(\"be.gt\", 5);\ncy.get(\"@productThumbnail\").should(\"include\", \"Seaweed Conditioner\");",
              "err": {},
              "uuid": "457cd7e0-4aa2-4f1c-8365-b52f192f0074",
              "parentUUID": "1054370b-86fb-4416-9234-294c14e37617",
              "isHook": false,
              "skipped": false
            },
            {
              "title": "Validate product thumbnail",
              "fullTitle": "Alias and invoke Validate product thumbnail",
              "timedOut": null,
              "duration": 12236,
              "state": "passed",
              "speed": "slow",
              "pass": true,
              "fail": false,
              "pending": false,
              "context": null,
              "code": "cy.visit(\"https://automationteststore.com/\");\ncy.get(\".thumbnail\").as(\"productThumbnail\");\ncy.get(\"@productThumbnail\").should(\"have.length\", 16);\ncy.get(\"@productThumbnail\").find(\".productcart\").invoke(\"attr\", \"title\").should(\"include\", \"Add to Cart\");",
              "err": {},
              "uuid": "a999b66b-e489-4959-9501-643c458f59cb",
              "parentUUID": "1054370b-86fb-4416-9234-294c14e37617",
              "isHook": false,
              "skipped": false
            },
            {
              "title": "Calculate total of normal and sale products",
              "fullTitle": "Alias and invoke Calculate total of normal and sale products",
              "timedOut": null,
              "duration": 15273,
              "state": "passed",
              "speed": "slow",
              "pass": true,
              "fail": false,
              "pending": false,
              "context": null,
              "code": "cy.visit(\"https://automationteststore.com/\"); // cy.get(\".thumbnail\")\n//   .as(\"productThumbnail\")\n//   .find(\".oneprice\")\n//   .each(($el, index, $list) => {\n//     cy.log($el.text());\n//   });\ncy.get(\".thumbnail\").find(\".oneprice\").invoke(\"text\").as(\"itemPrice\");\ncy.get(\".thumbnail\").find(\".pricenew\").invoke(\"text\").as(\"saleItemPrice\");\nvar itemsTotal = 0;\ncy.get(\"@itemPrice\").then($linkText => {\n  var itemPriceTotal = 0;\n  var itemPrice = $linkText.split(\"$\");\n  var i;\n  for (i = 0; i < itemPrice.length; i++) {\n    cy.log(itemPrice[i]);\n    itemPriceTotal += Number(itemPrice[i]);\n  }\n  itemsTotal += itemPriceTotal;\n  cy.log(\"Non sale price items total: \" + itemPriceTotal);\n});\ncy.get(\"@saleItemPrice\").then($linkText => {\n  var saleItemsPrice = 0;\n  var saleItemPrice = $linkText.split(\"$\");\n  var i;\n  for (i = 0; i < saleItemPrice.length; i++) {\n    cy.log(saleItemPrice[i]);\n    saleItemsPrice += Number(saleItemPrice[i]);\n  }\n  itemsTotal += saleItemsPrice;\n  cy.log(\"Sale price items total: \" + saleItemsPrice);\n}).then(() => {\n  cy.log(\"The total price of all products: \" + itemsTotal);\n  expect(itemsTotal).to.equal(648.5);\n});",
              "err": {},
              "uuid": "e1580ff5-2efe-4275-ab4f-597097dc23e2",
              "parentUUID": "1054370b-86fb-4416-9234-294c14e37617",
              "isHook": false,
              "skipped": false
            }
          ],
          "suites": [],
          "passes": [
            "457cd7e0-4aa2-4f1c-8365-b52f192f0074",
            "a999b66b-e489-4959-9501-643c458f59cb",
            "e1580ff5-2efe-4275-ab4f-597097dc23e2"
          ],
          "failures": [],
          "pending": [],
          "skipped": [],
          "duration": 58139,
          "root": false,
          "rootEmpty": false,
          "_timeout": 2000
        }
      ],
      "passes": [],
      "failures": [],
      "pending": [],
      "skipped": [],
      "duration": 0,
      "root": true,
      "rootEmpty": true,
      "_timeout": 2000
    },
    {
      "uuid": "5ee2a3dd-f485-4f06-941f-7a84cd5e88ab",
      "title": "",
      "fullFile": "cypress/integration/automation-test-store/contact-us.js",
      "file": "cypress/integration/automation-test-store/contact-us.js",
      "beforeHooks": [],
      "afterHooks": [],
      "tests": [],
      "suites": [
        {
          "uuid": "c18f18fd-0122-4709-abc0-1553202fe760",
          "title": "Test Contact Us form via Automation Test Store",
          "fullFile": "",
          "file": "",
          "beforeHooks": [],
          "afterHooks": [],
          "tests": [
            {
              "title": "Should be able to submit a successful submission via contact us form",
              "fullTitle": "Test Contact Us form via Automation Test Store Should be able to submit a successful submission via contact us form",
              "timedOut": null,
              "duration": 44835,
              "state": "passed",
              "speed": "slow",
              "pass": true,
              "fail": false,
              "pending": false,
              "context": null,
              "code": "cy.visit(\"https://www.automationteststore.com/\");\ncy.get(\"a[href$='contact']\").click().then(function (linkText) {\n  cy.log(\"Clicked on the link using text: \" + linkText.text());\n}); // cy.xpath(\"//a[contains(@href, 'contact')]\").click();\ncy.get(\"@user\").then(user => {\n  cy.get(\"#ContactUsFrm_first_name\").type(user.first_name);\n  cy.get(\"#ContactUsFrm_email\").type(user.email);\n});\ncy.get(\"#ContactUsFrm_email\").should(\"have.attr\", \"name\", \"email\");\ncy.get(\"#ContactUsFrm_enquiry\").type(\"Do you provide additional discount on bulk orders\");\ncy.get(\"button[title='Submit']\").click();\ncy.get(\".mb40 > :nth-child(3)\").should(\"have.text\", \"Your enquiry has been successfully sent to the store owner!\");\ncy.log(\"Test has completed!\");",
              "err": {},
              "uuid": "618ea538-d972-4f50-8771-04093bcb6a46",
              "parentUUID": "c18f18fd-0122-4709-abc0-1553202fe760",
              "isHook": false,
              "skipped": false
            }
          ],
          "suites": [],
          "passes": [
            "618ea538-d972-4f50-8771-04093bcb6a46"
          ],
          "failures": [],
          "pending": [],
          "skipped": [],
          "duration": 44835,
          "root": false,
          "rootEmpty": false,
          "_timeout": 2000
        }
      ],
      "passes": [],
      "failures": [],
      "pending": [],
      "skipped": [],
      "duration": 0,
      "root": true,
      "rootEmpty": true,
      "_timeout": 2000
    },
    {
      "uuid": "070b657a-f765-4329-9940-93a169a70aca",
      "title": "",
      "fullFile": "cypress/integration/automation-test-store/inspect-item.js",
      "file": "cypress/integration/automation-test-store/inspect-item.js",
      "beforeHooks": [],
      "afterHooks": [],
      "tests": [],
      "suites": [
        {
          "uuid": "535a8e22-af22-4601-b7a5-f56c6da6a4f2",
          "title": "Inspect Automation Test Store items using chain of commands",
          "fullFile": "",
          "file": "",
          "beforeHooks": [],
          "afterHooks": [],
          "tests": [
            {
              "title": "Click on the first item using item header",
              "fullTitle": "Inspect Automation Test Store items using chain of commands Click on the first item using item header",
              "timedOut": null,
              "duration": 4344,
              "state": "passed",
              "speed": "fast",
              "pass": true,
              "fail": false,
              "pending": false,
              "context": null,
              "code": "cy.visit(\"https://www.automationteststore.com/\");\ncy.get(\"#block_frame_featured_1769 > .thumbnails > :nth-child(1) > .fixed_wrapper > .fixed > .prdocutname\").click();",
              "err": {},
              "uuid": "19dba7b9-65be-436d-b931-8eeddd7a27b6",
              "parentUUID": "535a8e22-af22-4601-b7a5-f56c6da6a4f2",
              "isHook": false,
              "skipped": false
            },
            {
              "title": "Click on the first item using item text",
              "fullTitle": "Inspect Automation Test Store items using chain of commands Click on the first item using item text",
              "timedOut": null,
              "duration": 3314,
              "state": "passed",
              "speed": "fast",
              "pass": true,
              "fail": false,
              "pending": false,
              "context": null,
              "code": "cy.visit(\"https://www.automationteststore.com/\");\ncy.get(\".prdocutname\").contains(\"Skinsheen Bronzer Stick\").click().then(function (itemHeaderText) {\n  console.log(\"Selected the following item: \" + itemHeaderText.text());\n});",
              "err": {},
              "uuid": "b95373ba-7434-41db-a42c-390a11c38377",
              "parentUUID": "535a8e22-af22-4601-b7a5-f56c6da6a4f2",
              "isHook": false,
              "skipped": false
            },
            {
              "title": "Click on the first item using index",
              "fullTitle": "Inspect Automation Test Store items using chain of commands Click on the first item using index",
              "timedOut": null,
              "duration": 3097,
              "state": "passed",
              "speed": "fast",
              "pass": true,
              "fail": false,
              "pending": false,
              "context": null,
              "code": "cy.visit(\"https://www.automationteststore.com/\");\ncy.get(\".fixed_wrapper\").find(\".prdocutname\").eq(0).click();",
              "err": {},
              "uuid": "e795c0b5-7cd8-43af-a4fe-79fb522e1b3c",
              "parentUUID": "535a8e22-af22-4601-b7a5-f56c6da6a4f2",
              "isHook": false,
              "skipped": false
            }
          ],
          "suites": [],
          "passes": [
            "19dba7b9-65be-436d-b931-8eeddd7a27b6",
            "b95373ba-7434-41db-a42c-390a11c38377",
            "e795c0b5-7cd8-43af-a4fe-79fb522e1b3c"
          ],
          "failures": [],
          "pending": [],
          "skipped": [],
          "duration": 10755,
          "root": false,
          "rootEmpty": false,
          "_timeout": 2000
        }
      ],
      "passes": [],
      "failures": [],
      "pending": [],
      "skipped": [],
      "duration": 0,
      "root": true,
      "rootEmpty": true,
      "_timeout": 2000
    },
    {
      "uuid": "a2311a0a-243f-4d17-9319-49b1dcec093a",
      "title": "",
      "fullFile": "cypress/integration/automation-test-store/iterate-over-elements.js",
      "file": "cypress/integration/automation-test-store/iterate-over-elements.js",
      "beforeHooks": [],
      "afterHooks": [],
      "tests": [],
      "suites": [
        {
          "uuid": "08729788-4bb5-42bd-99d4-90aa4355a3ab",
          "title": "Iterate over elements",
          "fullFile": "",
          "file": "",
          "beforeHooks": [],
          "afterHooks": [],
          "tests": [
            {
              "title": "Log information of all hair care products",
              "fullTitle": "Iterate over elements Log information of all hair care products",
              "timedOut": null,
              "duration": 3357,
              "state": "passed",
              "speed": "fast",
              "pass": true,
              "fail": false,
              "pending": false,
              "context": null,
              "code": "cy.get(\".fixed_wrapper .prdocutname\").each(($el, index, $list) => {\n  cy.log(\"Index: \" + index + \" : \" + $el.text());\n});",
              "err": {},
              "uuid": "df077011-2937-4e5c-b566-566b78dc59fe",
              "parentUUID": "08729788-4bb5-42bd-99d4-90aa4355a3ab",
              "isHook": false,
              "skipped": false
            },
            {
              "title": "Add specific product to basket",
              "fullTitle": "Iterate over elements Add specific product to basket",
              "timedOut": null,
              "duration": 1375,
              "state": "passed",
              "speed": "fast",
              "pass": true,
              "fail": false,
              "pending": false,
              "context": null,
              "code": "cy.selectProduct(\"Curls to straight Shampoo\");",
              "err": {},
              "uuid": "7a304f59-20ce-4d1c-8d46-b703955dc22e",
              "parentUUID": "08729788-4bb5-42bd-99d4-90aa4355a3ab",
              "isHook": false,
              "skipped": false
            },
            {
              "title": "Add another specific product to basket",
              "fullTitle": "Iterate over elements Add another specific product to basket",
              "timedOut": null,
              "duration": 1711,
              "state": "passed",
              "speed": "fast",
              "pass": true,
              "fail": false,
              "pending": false,
              "context": null,
              "code": "cy.selectProduct(\"Seaweed Conditioner\");",
              "err": {},
              "uuid": "ea2f0531-fb01-45da-813c-3b9b2f39f2c3",
              "parentUUID": "08729788-4bb5-42bd-99d4-90aa4355a3ab",
              "isHook": false,
              "skipped": false
            },
            {
              "title": "Add another specific product to basket 2",
              "fullTitle": "Iterate over elements Add another specific product to basket 2",
              "timedOut": null,
              "duration": 1448,
              "state": "passed",
              "speed": "fast",
              "pass": true,
              "fail": false,
              "pending": false,
              "context": null,
              "code": "cy.selectProduct(\"Eau Parfumee au The Vert Shampoo\");",
              "err": {},
              "uuid": "5641f5bb-6681-4837-bbb5-fd868d3e9147",
              "parentUUID": "08729788-4bb5-42bd-99d4-90aa4355a3ab",
              "isHook": false,
              "skipped": false
            }
          ],
          "suites": [],
          "passes": [
            "df077011-2937-4e5c-b566-566b78dc59fe",
            "7a304f59-20ce-4d1c-8d46-b703955dc22e",
            "ea2f0531-fb01-45da-813c-3b9b2f39f2c3",
            "5641f5bb-6681-4837-bbb5-fd868d3e9147"
          ],
          "failures": [],
          "pending": [],
          "skipped": [],
          "duration": 7891,
          "root": false,
          "rootEmpty": false,
          "_timeout": 2000
        }
      ],
      "passes": [],
      "failures": [],
      "pending": [],
      "skipped": [],
      "duration": 0,
      "root": true,
      "rootEmpty": true,
      "_timeout": 2000
    },
    {
      "uuid": "210b8f1c-93b9-4b0c-adc1-b45f75681a6c",
      "title": "",
      "fullFile": "cypress/integration/automation-test-store/variables-and-cy-commands.js",
      "file": "cypress/integration/automation-test-store/variables-and-cy-commands.js",
      "beforeHooks": [],
      "afterHooks": [],
      "tests": [],
      "suites": [
        {
          "uuid": "773777a1-6a1d-4fb3-9f9b-9308a295dbd1",
          "title": "Varifying variables, cypress commands and jquery commands",
          "fullFile": "",
          "file": "",
          "beforeHooks": [],
          "afterHooks": [],
          "tests": [
            {
              "title": "Navigating to specific product pages",
              "fullTitle": "Varifying variables, cypress commands and jquery commands Navigating to specific product pages",
              "timedOut": null,
              "duration": 4220,
              "state": "passed",
              "speed": "fast",
              "pass": true,
              "fail": false,
              "pending": false,
              "context": null,
              "code": "cy.visit(\"https://automationteststore.com/\"); //The following will fail\n// const makeupLink = cy.get(\"a[href*='product/category&path']\").contains(\"Makeup\");\n// const skincareLink = cy.get(\"a[href*='product/category&path']\").contains(\"Skincare\");\n// makeupLink.click();\n// skincareLink.click();\n//The following will pass\n// const makeupLink = cy.get(\"a[href*='product/category&path']\").contains(\"Makeup\");\n// makeupLink.click();\n// const skincareLink = cy.get(\"a[href*='product/category&path']\").contains(\"Skincare\");\n// skincareLink.click();\n//Recommended Approach\ncy.get(\"a[href*='product/category&path']\").contains(\"Skincare\").click();\ncy.get(\"a[href*='product/category&path']\").contains(\"Makeup\").click();",
              "err": {},
              "uuid": "fba11d77-6431-4f18-8714-8ce8113849b7",
              "parentUUID": "773777a1-6a1d-4fb3-9f9b-9308a295dbd1",
              "isHook": false,
              "skipped": false
            },
            {
              "title": "Navigating to specific product pages",
              "fullTitle": "Varifying variables, cypress commands and jquery commands Navigating to specific product pages",
              "timedOut": null,
              "duration": 3586,
              "state": "passed",
              "speed": "fast",
              "pass": true,
              "fail": false,
              "pending": false,
              "context": null,
              "code": "cy.visit(\"https://automationteststore.com/\");\ncy.get(\"a[href*='product/category&path']\").contains(\"Makeup\").click(); // The following code will fail\n// const header = cy.get(\"h1 .maintext\");\n// cy.log(header.text());\ncy.get(\"h1 .maintext\").then($headerText => {\n  const headerText = $headerText.text();\n  cy.log(\"Found header text: \" + headerText);\n  expect(headerText).is.eq(\"Makeup\");\n});",
              "err": {},
              "uuid": "a355a859-b8f2-49fb-82f2-fcf12d716b18",
              "parentUUID": "773777a1-6a1d-4fb3-9f9b-9308a295dbd1",
              "isHook": false,
              "skipped": false
            },
            {
              "title": "Validate properties of the Contact Us Page",
              "fullTitle": "Varifying variables, cypress commands and jquery commands Validate properties of the Contact Us Page",
              "timedOut": null,
              "duration": 440,
              "state": "passed",
              "speed": "fast",
              "pass": true,
              "fail": false,
              "pending": false,
              "context": null,
              "code": "cy.visit(\"https://automationteststore.com/index.php?rt=content/contact\"); //Uses cypress commands and chaining\ncy.contains(\"#ContactUsFrm\", \"Contact Us Form\").find(\"#field_11\").should(\"contain\", \"First name\"); //JQuery Approach\ncy.contains(\"#ContactUsFrm\", \"Contact Us Form\").then(text => {\n  const firstNameText = text.find(\"#field_11\").text();\n  expect(firstNameText).to.contain(\"First name\"); //Embedded commands (Closure)\n  cy.get(\"#field_11\").then(fnText => {\n    cy.log(fnText.text());\n    cy.log(fnText);\n  });\n});",
              "err": {},
              "uuid": "8a82d454-12ce-4430-a493-8c1adc33db12",
              "parentUUID": "773777a1-6a1d-4fb3-9f9b-9308a295dbd1",
              "isHook": false,
              "skipped": false
            }
          ],
          "suites": [],
          "passes": [
            "fba11d77-6431-4f18-8714-8ce8113849b7",
            "a355a859-b8f2-49fb-82f2-fcf12d716b18",
            "8a82d454-12ce-4430-a493-8c1adc33db12"
          ],
          "failures": [],
          "pending": [],
          "skipped": [],
          "duration": 8246,
          "root": false,
          "rootEmpty": false,
          "_timeout": 2000
        }
      ],
      "passes": [],
      "failures": [],
      "pending": [],
      "skipped": [],
      "duration": 0,
      "root": true,
      "rootEmpty": true,
      "_timeout": 2000
    },
    {
      "uuid": "ce73f4a3-e1bc-403c-ac6b-54881c1f7c4b",
      "title": "",
      "fullFile": "cypress/integration/webdriver-uni/autocomplete-dropdown-list.js",
      "file": "cypress/integration/webdriver-uni/autocomplete-dropdown-list.js",
      "beforeHooks": [],
      "afterHooks": [],
      "tests": [],
      "suites": [
        {
          "uuid": "88f2f096-f936-4c93-b555-f1f6efef30a1",
          "title": "Verify Autocomplete dropdown list via webdriveruni",
          "fullFile": "",
          "file": "",
          "beforeHooks": [],
          "afterHooks": [],
          "tests": [
            {
              "title": "Select specific product via autocomplete list",
              "fullTitle": "Verify Autocomplete dropdown list via webdriveruni Select specific product via autocomplete list",
              "timedOut": null,
              "duration": 2090,
              "state": "passed",
              "speed": "fast",
              "pass": true,
              "fail": false,
              "pending": false,
              "context": null,
              "code": "cy.visit(\"http://www.webdriveruniversity.com/\");\ncy.get(\"#autocomplete-textfield\").invoke(\"removeAttr\", \"target\").click({\n  force: true\n});\ncy.get(\"#myInput\").type(\"A\");\ncy.get(\"#myInputautocomplete-list > *\").each(($el, index, $list) => {\n  const prod = $el.text();\n  const productToSelect = \"Avacado\";\n  if (prod === productToSelect) {\n    //   $el.click();\n    $el.trigger(\"click\");\n    cy.get(\"#submit-button\").click();\n    cy.url().should(\"include\", productToSelect);\n  }\n}).then(() => {\n  cy.get(\"#myInput\").type(\"G\");\n  cy.get(\"#myInputautocomplete-list > *\").each(($el, index, $list) => {\n    const prod = $el.text();\n    const productToSelect = \"Grapes\";\n    if (prod === productToSelect) {\n      // $el.click();\n      $el.trigger(\"click\");\n      cy.get(\"#submit-button\").click();\n      cy.url().should(\"include\", productToSelect);\n    }\n  });\n});",
              "err": {},
              "uuid": "97c8ad84-8423-422a-ac57-22735c3e0896",
              "parentUUID": "88f2f096-f936-4c93-b555-f1f6efef30a1",
              "isHook": false,
              "skipped": false
            }
          ],
          "suites": [],
          "passes": [
            "97c8ad84-8423-422a-ac57-22735c3e0896"
          ],
          "failures": [],
          "pending": [],
          "skipped": [],
          "duration": 2090,
          "root": false,
          "rootEmpty": false,
          "_timeout": 2000
        }
      ],
      "passes": [],
      "failures": [],
      "pending": [],
      "skipped": [],
      "duration": 0,
      "root": true,
      "rootEmpty": true,
      "_timeout": 2000
    },
    {
      "uuid": "a43d4843-31b1-4ed8-87fe-1f4060c84e72",
      "title": "",
      "fullFile": "cypress/integration/webdriver-uni/browser-navigation.js",
      "file": "cypress/integration/webdriver-uni/browser-navigation.js",
      "beforeHooks": [],
      "afterHooks": [],
      "tests": [],
      "suites": [
        {
          "uuid": "80e591c2-8064-459f-a7ce-53aa38b29c68",
          "title": "Validate webdriveruni homepage links",
          "fullFile": "",
          "file": "",
          "beforeHooks": [],
          "afterHooks": [],
          "tests": [
            {
              "title": "Confirm links redirect to the correct pages",
              "fullTitle": "Validate webdriveruni homepage links Confirm links redirect to the correct pages",
              "timedOut": null,
              "duration": 4385,
              "state": "passed",
              "speed": "fast",
              "pass": true,
              "fail": false,
              "pending": false,
              "context": null,
              "code": "// cy.visit(\"http://www.webdriveruniversity.com/Contact-Us/contactus.html\");\ncy.visit(\"http://www.webdriveruniversity.com/\");\ncy.get(\"#contact-us\").invoke(\"removeAttr\", \"target\").click({\n  force: true\n});\ncy.url().should(\"include\", \"contactus\");\ncy.go(\"back\");\ncy.reload();\ncy.url().should(\"include\", \"http://www.webdriveruniversity.com/\"); // cy.reload(true) //reload without using cache\ncy.go(\"forward\");\ncy.url().should(\"include\", \"contactus\");\ncy.go(\"back\");\ncy.get(\"#login-portal\").invoke(\"removeAttr\", \"target\").click({\n  force: true\n});\ncy.url().should(\"include\", \"Login-Portal\");\ncy.go(\"back\");\ncy.get(\"#to-do-list\").invoke(\"removeAttr\", \"target\").click({\n  force: true\n});\ncy.url().should(\"include\", \"To-Do-List\");\ncy.go(\"back\");",
              "err": {},
              "uuid": "cc19b7ff-1f75-411b-8547-ae5230eede30",
              "parentUUID": "80e591c2-8064-459f-a7ce-53aa38b29c68",
              "isHook": false,
              "skipped": false
            }
          ],
          "suites": [],
          "passes": [
            "cc19b7ff-1f75-411b-8547-ae5230eede30"
          ],
          "failures": [],
          "pending": [],
          "skipped": [],
          "duration": 4385,
          "root": false,
          "rootEmpty": false,
          "_timeout": 2000
        }
      ],
      "passes": [],
      "failures": [],
      "pending": [],
      "skipped": [],
      "duration": 0,
      "root": true,
      "rootEmpty": true,
      "_timeout": 2000
    },
    {
      "uuid": "985c8db1-aa65-4ad0-974e-ba73eef17726",
      "title": "",
      "fullFile": "cypress/integration/webdriver-uni/checkboxes.js",
      "file": "cypress/integration/webdriver-uni/checkboxes.js",
      "beforeHooks": [],
      "afterHooks": [],
      "tests": [],
      "suites": [
        {
          "uuid": "3c0a520f-a846-409e-bf23-131f3858626b",
          "title": "Verify checkboxes via webdriveruni",
          "fullFile": "",
          "file": "",
          "beforeHooks": [],
          "afterHooks": [],
          "tests": [
            {
              "title": "Check and validate checkbox",
              "fullTitle": "Verify checkboxes via webdriveruni Check and validate checkbox",
              "timedOut": null,
              "duration": 1066,
              "state": "passed",
              "speed": "fast",
              "pass": true,
              "fail": false,
              "pending": false,
              "context": null,
              "code": "// cy.get(\"#checkboxes > :nth-child(1) > input\").check();\n// cy.get(\"#checkboxes > :nth-child(1) > input\").check().should(\"be.checked\");\ncy.get(\"#checkboxes > :nth-child(1) > input\").as(\"option-1\"); // cy.get(\"@option-1\").check();\ncy.get(\"@option-1\").check().should(\"be.checked\");",
              "err": {},
              "uuid": "d803f63f-75b0-474e-9c22-369305878cb3",
              "parentUUID": "3c0a520f-a846-409e-bf23-131f3858626b",
              "isHook": false,
              "skipped": false
            },
            {
              "title": "Uncheck and validate checkbox",
              "fullTitle": "Verify checkboxes via webdriveruni Uncheck and validate checkbox",
              "timedOut": null,
              "duration": 382,
              "state": "passed",
              "speed": "fast",
              "pass": true,
              "fail": false,
              "pending": false,
              "context": null,
              "code": "cy.get(\":nth-child(5) > input\").as(\"option-3\");\ncy.get(\"@option-3\").uncheck().should(\"not.be.checked\");",
              "err": {},
              "uuid": "667ae898-7057-4c23-a76b-85dd1a494353",
              "parentUUID": "3c0a520f-a846-409e-bf23-131f3858626b",
              "isHook": false,
              "skipped": false
            },
            {
              "title": "Check multiple checkboxes",
              "fullTitle": "Verify checkboxes via webdriveruni Check multiple checkboxes",
              "timedOut": null,
              "duration": 584,
              "state": "passed",
              "speed": "fast",
              "pass": true,
              "fail": false,
              "pending": false,
              "context": null,
              "code": "cy.get('input[type=\"checkbox\"]').check([\"option-1\", \"option-2\", \"option-3\", \"option-4\"]).should(\"be.checked\");",
              "err": {},
              "uuid": "4d43409b-ab05-4846-b961-d22cb012bd3a",
              "parentUUID": "3c0a520f-a846-409e-bf23-131f3858626b",
              "isHook": false,
              "skipped": false
            }
          ],
          "suites": [],
          "passes": [
            "d803f63f-75b0-474e-9c22-369305878cb3",
            "667ae898-7057-4c23-a76b-85dd1a494353",
            "4d43409b-ab05-4846-b961-d22cb012bd3a"
          ],
          "failures": [],
          "pending": [],
          "skipped": [],
          "duration": 2032,
          "root": false,
          "rootEmpty": false,
          "_timeout": 2000
        }
      ],
      "passes": [],
      "failures": [],
      "pending": [],
      "skipped": [],
      "duration": 0,
      "root": true,
      "rootEmpty": true,
      "_timeout": 2000
    },
    {
      "uuid": "a2a3d3e7-0006-49dc-9644-b481b26bf879",
      "title": "",
      "fullFile": "cypress/integration/webdriver-uni/contact-us.js",
      "file": "cypress/integration/webdriver-uni/contact-us.js",
      "beforeHooks": [],
      "afterHooks": [],
      "tests": [],
      "suites": [
        {
          "uuid": "3ac9ad99-b0e1-4166-8774-6a1c0fe66b78",
          "title": "Test Contact Us form via WebdriderUni",
          "fullFile": "",
          "file": "",
          "beforeHooks": [],
          "afterHooks": [],
          "tests": [
            {
              "title": "Should be able to submit a successful submission via contact us form",
              "fullTitle": "Test Contact Us form via WebdriderUni Should be able to submit a successful submission via contact us form",
              "timedOut": null,
              "duration": 6904,
              "state": "passed",
              "speed": "medium",
              "pass": true,
              "fail": false,
              "pending": false,
              "context": null,
              "code": "cy.document().should(\"have.property\", \"charset\").and(\"eq\", \"UTF-8\");\ncy.title().should(\"include\", \"WebDriver | Contact Us\");\ncy.url().should(\"include\", \"contactus\");\ncontact_Us_PO.contactForm_Submission(Cypress.env(\"first_name\"), data.last_name, data.email, \"How can I learn Cypress?\", \"h1\", \"Thank You for your Message!\");",
              "err": {},
              "uuid": "788e0c9e-520f-4048-bea3-339c1de388c0",
              "parentUUID": "3ac9ad99-b0e1-4166-8774-6a1c0fe66b78",
              "isHook": false,
              "skipped": false
            },
            {
              "title": "Should not be able to submit a successful submission via contact us form as all fields required",
              "fullTitle": "Test Contact Us form via WebdriderUni Should not be able to submit a successful submission via contact us form as all fields required",
              "timedOut": null,
              "duration": 4939,
              "state": "passed",
              "speed": "fast",
              "pass": true,
              "fail": false,
              "pending": false,
              "context": null,
              "code": "contact_Us_PO.contactForm_Submission(data.first_name, data.last_name, \" \", \"How can I learn Cypress?\", \"body\", \"Invalid email address\");",
              "err": {},
              "uuid": "db4b8fde-2dc8-4d8e-ad9e-2704a0516384",
              "parentUUID": "3ac9ad99-b0e1-4166-8774-6a1c0fe66b78",
              "isHook": false,
              "skipped": false
            }
          ],
          "suites": [],
          "passes": [
            "788e0c9e-520f-4048-bea3-339c1de388c0",
            "db4b8fde-2dc8-4d8e-ad9e-2704a0516384"
          ],
          "failures": [],
          "pending": [],
          "skipped": [],
          "duration": 11843,
          "root": false,
          "rootEmpty": false,
          "_timeout": 2000
        }
      ],
      "passes": [],
      "failures": [],
      "pending": [],
      "skipped": [],
      "duration": 0,
      "root": true,
      "rootEmpty": true,
      "_timeout": 2000
    },
    {
      "uuid": "3778bc62-8b32-436b-9b13-8581106ab8c9",
      "title": "",
      "fullFile": "cypress/integration/webdriver-uni/data-tables.js",
      "file": "cypress/integration/webdriver-uni/data-tables.js",
      "beforeHooks": [],
      "afterHooks": [],
      "tests": [],
      "suites": [
        {
          "uuid": "9087fe81-f492-44e7-8b24-052f1da42fc0",
          "title": "Handling data via webdriveruni",
          "fullFile": "",
          "file": "",
          "beforeHooks": [],
          "afterHooks": [],
          "tests": [
            {
              "title": "Calculate and assert the total age of all users",
              "fullTitle": "Handling data via webdriveruni Calculate and assert the total age of all users",
              "timedOut": null,
              "duration": 1917,
              "state": "passed",
              "speed": "fast",
              "pass": true,
              "fail": false,
              "pending": false,
              "context": null,
              "code": "let userDetails = [];\nlet numb = 0;\ncy.get(\"#thumbnail-1 td\").each(($el, index, $list) => {\n  userDetails[index] = $el.text();\n}).then(() => {\n  for (let i = 0; i < userDetails.length; i++) {\n    if (Number(userDetails[i])) {\n      numb += Number(userDetails[i]);\n    } //   cy.log(userDetails[i]);\n  }\n  cy.log(\"Found total age: \" + numb);\n  expect(numb).to.eq(322);\n});",
              "err": {},
              "uuid": "4bb742af-c45d-46f4-829d-3a65bfc06e75",
              "parentUUID": "9087fe81-f492-44e7-8b24-052f1da42fc0",
              "isHook": false,
              "skipped": false
            },
            {
              "title": "Calculate and assert the age of a given user on last name",
              "fullTitle": "Handling data via webdriveruni Calculate and assert the age of a given user on last name",
              "timedOut": null,
              "duration": 447,
              "state": "passed",
              "speed": "fast",
              "pass": true,
              "fail": false,
              "pending": false,
              "context": null,
              "code": "cy.get(\"#thumbnail-1 tr td:nth-child(2)\").each(($el, index, $list) => {\n  const text = $el.text();\n  if (text.includes(\"Woods\")) {\n    cy.get(\"#thumbnail-1 tr td:nth-child(2)\").eq(index).next().then(function (age) {\n      const userAge = age.text();\n      expect(userAge).to.equal(\"80\");\n    });\n  }\n});",
              "err": {},
              "uuid": "33f96939-8d60-480e-8714-04d9c8c88a63",
              "parentUUID": "9087fe81-f492-44e7-8b24-052f1da42fc0",
              "isHook": false,
              "skipped": false
            }
          ],
          "suites": [],
          "passes": [
            "4bb742af-c45d-46f4-829d-3a65bfc06e75",
            "33f96939-8d60-480e-8714-04d9c8c88a63"
          ],
          "failures": [],
          "pending": [],
          "skipped": [],
          "duration": 2364,
          "root": false,
          "rootEmpty": false,
          "_timeout": 2000
        }
      ],
      "passes": [],
      "failures": [],
      "pending": [],
      "skipped": [],
      "duration": 0,
      "root": true,
      "rootEmpty": true,
      "_timeout": 2000
    },
    {
      "uuid": "98144047-8637-4b86-abe3-7a1e1f64aba5",
      "title": "",
      "fullFile": "cypress/integration/webdriver-uni/datepicker.js",
      "file": "cypress/integration/webdriver-uni/datepicker.js",
      "beforeHooks": [],
      "afterHooks": [],
      "tests": [],
      "suites": [
        {
          "uuid": "ed1cee93-887a-4145-9451-1d982f68e30c",
          "title": "Test datepicker via webdriveruni",
          "fullFile": "",
          "file": "",
          "beforeHooks": [],
          "afterHooks": [],
          "tests": [
            {
              "title": "Select data from the datepicker",
              "fullTitle": "Test datepicker via webdriveruni Select data from the datepicker",
              "timedOut": null,
              "duration": 3432,
              "state": "passed",
              "speed": "fast",
              "pass": true,
              "fail": false,
              "pending": false,
              "context": null,
              "code": "cy.visit(\"http://www.webdriveruniversity.com/\");\ncy.get(\"#datepicker\").invoke(\"removeAttr\", \"target\").click({\n  force: true\n});\ncy.get(\"#datepicker\").click(); // let date = new Date();\n// date.setDate(date.getDate());\n// cy.log(date.getDate()); //get current day\n// let date2 = new Date();\n// date2.setDate(date.getDate() + 5);\n// cy.log(date2.getDate()); //get current day + 5\nvar date = new Date();\ndate.setDate(date.getDate() + 300);\nvar futureYear = date.getFullYear();\nvar futureMonth = date.toLocaleString(\"default\", {\n  month: \"long\"\n});\nvar futureDay = date.getDate();\ncy.log(\"Future year to select: \" + futureYear);\ncy.log(\"Future month to select: \" + futureMonth);\ncy.log(\"Future day to select: \" + futureDay);\nfunction selectMonthAndYear() {\n  cy.get(\".datepicker-dropdown\").find(\".datepicker-switch\").first().then(currentDate => {\n    if (!currentDate.text().includes(futureYear)) {\n      cy.get(\".next\").first().click();\n      selectMonthAndYear();\n    }\n  }).then(() => {\n    cy.get(\".datepicker-dropdown\").find(\".datepicker-switch\").first().then(currentDate => {\n      if (!currentDate.text().includes(futureMonth)) {\n        cy.get(\".next\").first().click();\n        selectMonthAndYear();\n      }\n    });\n  });\n}\nfunction selectFutureDay() {\n  cy.get('[class=\"day\"]').contains(futureDay).click();\n}\nselectMonthAndYear();\nselectFutureDay();",
              "err": {},
              "uuid": "5324f3cd-4408-4ea0-9dd4-1d0dfd31cd99",
              "parentUUID": "ed1cee93-887a-4145-9451-1d982f68e30c",
              "isHook": false,
              "skipped": false
            }
          ],
          "suites": [],
          "passes": [
            "5324f3cd-4408-4ea0-9dd4-1d0dfd31cd99"
          ],
          "failures": [],
          "pending": [],
          "skipped": [],
          "duration": 3432,
          "root": false,
          "rootEmpty": false,
          "_timeout": 2000
        }
      ],
      "passes": [],
      "failures": [],
      "pending": [],
      "skipped": [],
      "duration": 0,
      "root": true,
      "rootEmpty": true,
      "_timeout": 2000
    },
    {
      "uuid": "88422a8e-83aa-4d25-9085-285364369fba",
      "title": "",
      "fullFile": "cypress/integration/webdriver-uni/file-upload.js",
      "file": "cypress/integration/webdriver-uni/file-upload.js",
      "beforeHooks": [],
      "afterHooks": [],
      "tests": [],
      "suites": [
        {
          "uuid": "2e4f066d-b1f9-4564-a775-77023dc2de1c",
          "title": "Test File Upload via webdriveruni",
          "fullFile": "",
          "file": "",
          "beforeHooks": [],
          "afterHooks": [],
          "tests": [
            {
              "title": "Upload a file....",
              "fullTitle": "Test File Upload via webdriveruni Upload a file....",
              "timedOut": null,
              "duration": 1110,
              "state": "passed",
              "speed": "fast",
              "pass": true,
              "fail": false,
              "pending": false,
              "context": null,
              "code": "cy.visit(\"http://www.webdriveruniversity.com/\");\ncy.get(\"#file-upload\").invoke(\"removeAttr\", \"target\").click({\n  force: true\n});\ncy.fixture(\"cucumber.png\", \"base64\").then(fileContent => {\n  cy.get(\"#myFile\").attachFile({\n    fileContent,\n    fileName: \"cucumber.png\",\n    mimeType: \"image/png\"\n  }, {\n    uploadFile: \"input\"\n  });\n});\ncy.get(\"#submit-button\").click();",
              "err": {},
              "uuid": "e2cd009b-5761-403a-a191-f4cc93ce908a",
              "parentUUID": "2e4f066d-b1f9-4564-a775-77023dc2de1c",
              "isHook": false,
              "skipped": false
            },
            {
              "title": "Upload no file....",
              "fullTitle": "Test File Upload via webdriveruni Upload no file....",
              "timedOut": null,
              "duration": 442,
              "state": "passed",
              "speed": "fast",
              "pass": true,
              "fail": false,
              "pending": false,
              "context": null,
              "code": "cy.visit(\"http://www.webdriveruniversity.com/\");\ncy.get(\"#file-upload\").invoke(\"removeAttr\", \"target\").click({\n  force: true\n});\ncy.get(\"#submit-button\").click();",
              "err": {},
              "uuid": "8c1b7249-fc40-4baf-a813-be77141bcf3a",
              "parentUUID": "2e4f066d-b1f9-4564-a775-77023dc2de1c",
              "isHook": false,
              "skipped": false
            }
          ],
          "suites": [],
          "passes": [
            "e2cd009b-5761-403a-a191-f4cc93ce908a",
            "8c1b7249-fc40-4baf-a813-be77141bcf3a"
          ],
          "failures": [],
          "pending": [],
          "skipped": [],
          "duration": 1552,
          "root": false,
          "rootEmpty": false,
          "_timeout": 2000
        }
      ],
      "passes": [],
      "failures": [],
      "pending": [],
      "skipped": [],
      "duration": 0,
      "root": true,
      "rootEmpty": true,
      "_timeout": 2000
    },
    {
      "uuid": "884356d4-2e7e-467c-99bb-5fc14726ad68",
      "title": "",
      "fullFile": "cypress/integration/webdriver-uni/iframe.js",
      "file": "cypress/integration/webdriver-uni/iframe.js",
      "beforeHooks": [],
      "afterHooks": [],
      "tests": [],
      "suites": [
        {
          "uuid": "94c727b1-8cd2-4c2e-96e9-264f236be30e",
          "title": "Handling IFrame & Modals",
          "fullFile": "",
          "file": "",
          "beforeHooks": [],
          "afterHooks": [],
          "tests": [
            {
              "title": "Handle webdriveruni iframe and modal",
              "fullTitle": "Handling IFrame & Modals Handle webdriveruni iframe and modal",
              "timedOut": null,
              "duration": 1619,
              "state": "passed",
              "speed": "fast",
              "pass": true,
              "fail": false,
              "pending": false,
              "context": null,
              "code": "cy.visit(\"http://www.webdriveruniversity.com/\");\ncy.get(\"#iframe\").invoke(\"removeAttr\", \"target\").click({\n  force: true\n});\ncy.get(\"#frame\").then($iframe => {\n  const body = $iframe.contents().find(\"body\");\n  cy.wrap(body).as(\"iframe\");\n});\ncy.get(\"@iframe\").find(\"#button-find-out-more\").click();\ncy.get(\"@iframe\").find(\"#myModal\").as(\"modal\");\ncy.get(\"@modal\").should($expectedText => {\n  const text = $expectedText.text();\n  expect(text).to.include(\"Welcome to webdriveruniversity.com we sell a wide range of electrical goods\");\n});\ncy.get(\"@modal\").contains(\"Close\").click();",
              "err": {},
              "uuid": "a52b1fa4-2da2-4f6e-abe6-0ea22db1eebf",
              "parentUUID": "94c727b1-8cd2-4c2e-96e9-264f236be30e",
              "isHook": false,
              "skipped": false
            }
          ],
          "suites": [],
          "passes": [
            "a52b1fa4-2da2-4f6e-abe6-0ea22db1eebf"
          ],
          "failures": [],
          "pending": [],
          "skipped": [],
          "duration": 1619,
          "root": false,
          "rootEmpty": false,
          "_timeout": 2000
        }
      ],
      "passes": [],
      "failures": [],
      "pending": [],
      "skipped": [],
      "duration": 0,
      "root": true,
      "rootEmpty": true,
      "_timeout": 2000
    },
    {
      "uuid": "c09a3cc5-eb0b-4294-a461-8259766090e1",
      "title": "",
      "fullFile": "cypress/integration/webdriver-uni/js-alerts.js",
      "file": "cypress/integration/webdriver-uni/js-alerts.js",
      "beforeHooks": [],
      "afterHooks": [],
      "tests": [],
      "suites": [
        {
          "uuid": "e7463e40-3c9c-4ed9-8227-dae2d99ca6c2",
          "title": "Handle js alerts",
          "fullFile": "",
          "file": "",
          "beforeHooks": [],
          "afterHooks": [],
          "tests": [
            {
              "title": "Confirm js alert contains the correct text",
              "fullTitle": "Handle js alerts Confirm js alert contains the correct text",
              "timedOut": null,
              "duration": 1365,
              "state": "passed",
              "speed": "fast",
              "pass": true,
              "fail": false,
              "pending": false,
              "context": null,
              "code": "// cy.visit(\"http://www.webdriveruniversity.com/Contact-Us/contactus.html\");\ncy.visit(\"http://www.webdriveruniversity.com/\");\ncy.get(\"#popup-alerts\").invoke(\"removeAttr\", \"target\").click({\n  force: true\n});\ncy.get(\"#button1\").click();\ncy.on(\"window:alert\", str => {\n  expect(str).to.equal(\"I am an alert box!\");\n});",
              "err": {},
              "uuid": "0329bab6-6bef-461c-87e3-2eb40f213fd2",
              "parentUUID": "e7463e40-3c9c-4ed9-8227-dae2d99ca6c2",
              "isHook": false,
              "skipped": false
            },
            {
              "title": "Validate js confirm alert box works correctly when clicking ok",
              "fullTitle": "Handle js alerts Validate js confirm alert box works correctly when clicking ok",
              "timedOut": null,
              "duration": 481,
              "state": "passed",
              "speed": "fast",
              "pass": true,
              "fail": false,
              "pending": false,
              "context": null,
              "code": "// cy.visit(\"http://www.webdriveruniversity.com/Contact-Us/contactus.html\");\ncy.visit(\"http://www.webdriveruniversity.com/\");\ncy.get(\"#popup-alerts\").invoke(\"removeAttr\", \"target\").click({\n  force: true\n});\ncy.get(\"#button4\").click();\ncy.on(\"window:confirm\", str => {\n  return true;\n});\ncy.get(\"#confirm-alert-text\").contains(\"You pressed OK!\");",
              "err": {},
              "uuid": "41b38b09-e246-416b-8697-c57ef1181d33",
              "parentUUID": "e7463e40-3c9c-4ed9-8227-dae2d99ca6c2",
              "isHook": false,
              "skipped": false
            },
            {
              "title": "Validate js confirm alert box works correctly when clicking cancel",
              "fullTitle": "Handle js alerts Validate js confirm alert box works correctly when clicking cancel",
              "timedOut": null,
              "duration": 395,
              "state": "passed",
              "speed": "fast",
              "pass": true,
              "fail": false,
              "pending": false,
              "context": null,
              "code": "// cy.visit(\"http://www.webdriveruniversity.com/Contact-Us/contactus.html\");\ncy.visit(\"http://www.webdriveruniversity.com/\");\ncy.get(\"#popup-alerts\").invoke(\"removeAttr\", \"target\").click({\n  force: true\n});\ncy.get(\"#button4\").click();\ncy.on(\"window:confirm\", str => {\n  return false;\n});\ncy.get(\"#confirm-alert-text\").contains(\"You pressed Cancel!\");",
              "err": {},
              "uuid": "96125d92-a61e-4b4e-83df-662c40aa27ce",
              "parentUUID": "e7463e40-3c9c-4ed9-8227-dae2d99ca6c2",
              "isHook": false,
              "skipped": false
            },
            {
              "title": "Validate js confirm alert box using a stub",
              "fullTitle": "Handle js alerts Validate js confirm alert box using a stub",
              "timedOut": null,
              "duration": 479,
              "state": "passed",
              "speed": "fast",
              "pass": true,
              "fail": false,
              "pending": false,
              "context": null,
              "code": "// cy.visit(\"http://www.webdriveruniversity.com/Contact-Us/contactus.html\");\ncy.visit(\"http://www.webdriveruniversity.com/\");\ncy.get(\"#popup-alerts\").invoke(\"removeAttr\", \"target\").click({\n  force: true\n});\nconst stub = cy.stub();\ncy.on(\"window:confirm\", stub);\ncy.get(\"#button4\").click().then(() => {\n  expect(stub.getCall(0)).to.be.calledWith(\"Press a button!\");\n}).then(() => {\n  return true;\n}).then(() => {\n  cy.get(\"#confirm-alert-text\").contains(\"You pressed OK!\");\n});",
              "err": {},
              "uuid": "2cf38201-00c3-460f-80cc-8348bf926ece",
              "parentUUID": "e7463e40-3c9c-4ed9-8227-dae2d99ca6c2",
              "isHook": false,
              "skipped": false
            }
          ],
          "suites": [],
          "passes": [
            "0329bab6-6bef-461c-87e3-2eb40f213fd2",
            "41b38b09-e246-416b-8697-c57ef1181d33",
            "96125d92-a61e-4b4e-83df-662c40aa27ce",
            "2cf38201-00c3-460f-80cc-8348bf926ece"
          ],
          "failures": [],
          "pending": [],
          "skipped": [],
          "duration": 2720,
          "root": false,
          "rootEmpty": false,
          "_timeout": 2000
        }
      ],
      "passes": [],
      "failures": [],
      "pending": [],
      "skipped": [],
      "duration": 0,
      "root": true,
      "rootEmpty": true,
      "_timeout": 2000
    },
    {
      "uuid": "31f71135-7895-4271-b1a3-1acdf31719de",
      "title": "",
      "fullFile": "cypress/integration/webdriver-uni/mouse-actions.js",
      "file": "cypress/integration/webdriver-uni/mouse-actions.js",
      "beforeHooks": [],
      "afterHooks": [],
      "tests": [],
      "suites": [
        {
          "uuid": "5a82c794-a3ec-4149-ae36-d705892f2d29",
          "title": "Test mouse actions",
          "fullFile": "",
          "file": "",
          "beforeHooks": [],
          "afterHooks": [],
          "tests": [
            {
              "title": "Scroll element into view",
              "fullTitle": "Test mouse actions Scroll element into view",
              "timedOut": null,
              "duration": 1112,
              "state": "passed",
              "speed": "fast",
              "pass": true,
              "fail": false,
              "pending": false,
              "context": null,
              "code": "cy.visit(\"http://www.webdriveruniversity.com/\");\ncy.get(\"#actions\").scrollIntoView().invoke(\"removeAttr\", \"target\").click({\n  force: true\n});",
              "err": {},
              "uuid": "4664914f-91f3-4a4c-b602-1fe694e94f9f",
              "parentUUID": "5a82c794-a3ec-4149-ae36-d705892f2d29",
              "isHook": false,
              "skipped": false
            },
            {
              "title": "I shoulds be able to drag and drop a draggable item",
              "fullTitle": "Test mouse actions I shoulds be able to drag and drop a draggable item",
              "timedOut": null,
              "duration": 365,
              "state": "passed",
              "speed": "fast",
              "pass": true,
              "fail": false,
              "pending": false,
              "context": null,
              "code": "cy.visit(\"http://www.webdriveruniversity.com/\");\ncy.get(\"#actions\").scrollIntoView().invoke(\"removeAttr\", \"target\").click({\n  force: true\n});\ncy.get(\"#draggable\").trigger(\"mousedown\", {\n  which: 1\n});\ncy.get(\"#droppable\").trigger(\"mousemove\").trigger(\"mouseup\", {\n  force: true\n});",
              "err": {},
              "uuid": "e8663b0b-1f5a-46b3-9e29-fd5b1acf8d82",
              "parentUUID": "5a82c794-a3ec-4149-ae36-d705892f2d29",
              "isHook": false,
              "skipped": false
            },
            {
              "title": "I shoulds be able to perform a double mouse click",
              "fullTitle": "Test mouse actions I shoulds be able to perform a double mouse click",
              "timedOut": null,
              "duration": 454,
              "state": "passed",
              "speed": "fast",
              "pass": true,
              "fail": false,
              "pending": false,
              "context": null,
              "code": "cy.visit(\"http://www.webdriveruniversity.com/\");\ncy.get(\"#actions\").scrollIntoView().invoke(\"removeAttr\", \"target\").click({\n  force: true\n});\ncy.get(\"#double-click\").dblclick();",
              "err": {},
              "uuid": "4503123d-dea7-48ac-a679-bcb694b3a752",
              "parentUUID": "5a82c794-a3ec-4149-ae36-d705892f2d29",
              "isHook": false,
              "skipped": false
            },
            {
              "title": "I shoulds be able to hold down the left mouse click button on a given element",
              "fullTitle": "Test mouse actions I shoulds be able to hold down the left mouse click button on a given element",
              "timedOut": null,
              "duration": 334,
              "state": "passed",
              "speed": "fast",
              "pass": true,
              "fail": false,
              "pending": false,
              "context": null,
              "code": "cy.visit(\"http://www.webdriveruniversity.com/\");\ncy.get(\"#actions\").scrollIntoView().invoke(\"removeAttr\", \"target\").click({\n  force: true\n});\ncy.get(\"#click-box\").trigger(\"mousedown\", {\n  which: 1\n}).then($element => {\n  expect($element).to.have.css(\"background-color\", \"rgb(0, 255, 0)\");\n});",
              "err": {},
              "uuid": "09caa26b-ee04-4467-b309-5aa54f5d54c9",
              "parentUUID": "5a82c794-a3ec-4149-ae36-d705892f2d29",
              "isHook": false,
              "skipped": false
            }
          ],
          "suites": [],
          "passes": [
            "4664914f-91f3-4a4c-b602-1fe694e94f9f",
            "e8663b0b-1f5a-46b3-9e29-fd5b1acf8d82",
            "4503123d-dea7-48ac-a679-bcb694b3a752",
            "09caa26b-ee04-4467-b309-5aa54f5d54c9"
          ],
          "failures": [],
          "pending": [],
          "skipped": [],
          "duration": 2265,
          "root": false,
          "rootEmpty": false,
          "_timeout": 2000
        }
      ],
      "passes": [],
      "failures": [],
      "pending": [],
      "skipped": [],
      "duration": 0,
      "root": true,
      "rootEmpty": true,
      "_timeout": 2000
    },
    {
      "uuid": "c76c78e5-6b47-4966-a39d-0e8b797790e9",
      "title": "",
      "fullFile": "cypress/integration/webdriver-uni/radio-buttons.js",
      "file": "cypress/integration/webdriver-uni/radio-buttons.js",
      "beforeHooks": [],
      "afterHooks": [],
      "tests": [],
      "suites": [
        {
          "uuid": "f5dee43d-0416-4b88-b6ad-5484808f7a98",
          "title": "Verify radio buttons via webdriveruni",
          "fullFile": "",
          "file": "",
          "beforeHooks": [],
          "afterHooks": [],
          "tests": [
            {
              "title": "Check specific radio button",
              "fullTitle": "Verify radio buttons via webdriveruni Check specific radio button",
              "timedOut": null,
              "duration": 1133,
              "state": "passed",
              "speed": "fast",
              "pass": true,
              "fail": false,
              "pending": false,
              "context": null,
              "code": "cy.get(\"#radio-buttons\").find(\"[type='radio']\").first().check();\ncy.get(\"#radio-buttons\").find(\"[type='radio']\").eq(1).check();",
              "err": {},
              "uuid": "04f589da-e422-4694-98cb-5bb03ac4f947",
              "parentUUID": "f5dee43d-0416-4b88-b6ad-5484808f7a98",
              "isHook": false,
              "skipped": false
            },
            {
              "title": "Validate the states of specific radio buttons",
              "fullTitle": "Verify radio buttons via webdriveruni Validate the states of specific radio buttons",
              "timedOut": null,
              "duration": 119,
              "state": "passed",
              "speed": "fast",
              "pass": true,
              "fail": false,
              "pending": false,
              "context": null,
              "code": "cy.get(\"[value='lettuce']\").should(\"not.be.checked\");\ncy.get(\"[value='pumpkin']\").should(\"be.checked\");\ncy.get(\"[value='lettuce']\").check();\ncy.get(\"[value='lettuce']\").should(\"be.checked\");\ncy.get(\"[value='pumpkin']\").should(\"not.be.checked\");\ncy.get(\"[value='cabbage']\").should(\"be.disabled\");",
              "err": {},
              "uuid": "9792f9e4-be20-459c-bf1e-d70691095b0d",
              "parentUUID": "f5dee43d-0416-4b88-b6ad-5484808f7a98",
              "isHook": false,
              "skipped": false
            }
          ],
          "suites": [],
          "passes": [
            "04f589da-e422-4694-98cb-5bb03ac4f947",
            "9792f9e4-be20-459c-bf1e-d70691095b0d"
          ],
          "failures": [],
          "pending": [],
          "skipped": [],
          "duration": 1252,
          "root": false,
          "rootEmpty": false,
          "_timeout": 2000
        }
      ],
      "passes": [],
      "failures": [],
      "pending": [],
      "skipped": [],
      "duration": 0,
      "root": true,
      "rootEmpty": true,
      "_timeout": 2000
    },
    {
      "uuid": "f83a3523-0efb-408a-8929-fe99b8c690c1",
      "title": "",
      "fullFile": "cypress/integration/webdriver-uni/select-dropdown-list.js",
      "file": "cypress/integration/webdriver-uni/select-dropdown-list.js",
      "beforeHooks": [],
      "afterHooks": [],
      "tests": [],
      "suites": [
        {
          "uuid": "1d89a50b-a725-4954-aae4-e61e85aa9b87",
          "title": "Interact with dropdown lists via webdriveruni",
          "fullFile": "",
          "file": "",
          "beforeHooks": [],
          "afterHooks": [],
          "tests": [
            {
              "title": "Select specific values via select dropdown lists",
              "fullTitle": "Interact with dropdown lists via webdriveruni Select specific values via select dropdown lists",
              "timedOut": null,
              "duration": 1728,
              "state": "passed",
              "speed": "fast",
              "pass": true,
              "fail": false,
              "pending": false,
              "context": null,
              "code": "cy.visit(\"http://www.webdriveruniversity.com/\");\ncy.get(\"#dropdown-checkboxes-radiobuttons\").invoke(\"removeAttr\", \"target\").click({\n  force: true\n});\ncy.get(\"#dropdowm-menu-1\").select(\"c#\");\ncy.get(\"#dropdowm-menu-2\").select(\"testng\").should(\"have.value\", \"testng\");\ncy.get(\"#dropdowm-menu-3\").select(\"jquery\").contains(\"JQuery\");\ncy.get(\"#dropdowm-menu-2\").select(\"maven\").should(\"have.value\", \"maven\");\ncy.get(\"#dropdowm-menu-2\").select(\"TestNG\").contains(\"TestNG\");",
              "err": {},
              "uuid": "9b1056f4-67f6-4b26-96b8-8de7cccca5a6",
              "parentUUID": "1d89a50b-a725-4954-aae4-e61e85aa9b87",
              "isHook": false,
              "skipped": false
            }
          ],
          "suites": [],
          "passes": [
            "9b1056f4-67f6-4b26-96b8-8de7cccca5a6"
          ],
          "failures": [],
          "pending": [],
          "skipped": [],
          "duration": 1728,
          "root": false,
          "rootEmpty": false,
          "_timeout": 2000
        }
      ],
      "passes": [],
      "failures": [],
      "pending": [],
      "skipped": [],
      "duration": 0,
      "root": true,
      "rootEmpty": true,
      "_timeout": 2000
    },
    {
      "uuid": "261de205-b961-44d9-bfe9-c315ddbc8f1a",
      "title": "",
      "fullFile": "cypress/integration/webdriver-uni/selectors.js",
      "file": "cypress/integration/webdriver-uni/selectors.js",
      "beforeHooks": [],
      "afterHooks": [],
      "tests": [],
      "suites": [
        {
          "uuid": "16c51893-6ef1-46ba-a07f-a2e1baaffd6c",
          "title": "Selector examples",
          "fullFile": "",
          "file": "",
          "beforeHooks": [],
          "afterHooks": [],
          "tests": [
            {
              "title": "Examples of Selectors via WebdriverUni Contact Us Page",
              "fullTitle": "Selector examples Examples of Selectors via WebdriverUni Contact Us Page",
              "timedOut": null,
              "duration": 407,
              "state": "passed",
              "speed": "fast",
              "pass": true,
              "fail": false,
              "pending": false,
              "context": null,
              "code": "cy.visit(\"http://www.webdriveruniversity.com/Contact-Us/contactus.html\"); //By tag name\ncy.get(\"input\"); //By attribute name and value\ncy.get(\"input[name='first_name']\"); //By id\ncy.get(\"#contact_me\"); //By class\ncy.get(\".feedback-input\"); //By multiple classes\ncy.get(\"[class='navbar navbar-inverse navbar-fixed-top']\"); //By two different attributes\ncy.get(\"[name='email'][placeholder='Email Address']\"); //By Xpath\ncy.xpath(\"//input[@name='first_name']\");",
              "err": {},
              "uuid": "d222d188-e674-4c6e-b6c1-81c4b67a7de8",
              "parentUUID": "16c51893-6ef1-46ba-a07f-a2e1baaffd6c",
              "isHook": false,
              "skipped": false
            }
          ],
          "suites": [],
          "passes": [
            "d222d188-e674-4c6e-b6c1-81c4b67a7de8"
          ],
          "failures": [],
          "pending": [],
          "skipped": [],
          "duration": 407,
          "root": false,
          "rootEmpty": false,
          "_timeout": 2000
        }
      ],
      "passes": [],
      "failures": [],
      "pending": [],
      "skipped": [],
      "duration": 0,
      "root": true,
      "rootEmpty": true,
      "_timeout": 2000
    },
    {
      "uuid": "e84f5585-672e-4476-aff3-a87731f55b24",
      "title": "",
      "fullFile": "cypress/integration/webdriver-uni/traversing-elements.js",
      "file": "cypress/integration/webdriver-uni/traversing-elements.js",
      "beforeHooks": [],
      "afterHooks": [],
      "tests": [],
      "suites": [
        {
          "uuid": "b028880b-91e6-4ef1-8c65-03cc46611c2c",
          "title": "Traversing DOM elements in Cypress",
          "fullFile": "",
          "file": "",
          "beforeHooks": [],
          "afterHooks": [],
          "tests": [
            {
              "title": "children() to get the children of DOM elements",
              "fullTitle": "Traversing DOM elements in Cypress children() to get the children of DOM elements",
              "timedOut": null,
              "duration": 1617,
              "state": "passed",
              "speed": "fast",
              "pass": true,
              "fail": false,
              "pending": false,
              "context": null,
              "code": "cy.get(\".traversal-breadcrumb\").children(\".active\").should(\"contain\", \"Contact Us\");",
              "err": {},
              "uuid": "9412e41f-3142-44cb-ba37-2cad9bd53d49",
              "parentUUID": "b028880b-91e6-4ef1-8c65-03cc46611c2c",
              "isHook": false,
              "skipped": false
            },
            {
              "title": "closest() to validate the closest ancestor DOM element",
              "fullTitle": "Traversing DOM elements in Cypress closest() to validate the closest ancestor DOM element",
              "timedOut": null,
              "duration": 366,
              "state": "passed",
              "speed": "fast",
              "pass": true,
              "fail": false,
              "pending": false,
              "context": null,
              "code": "cy.get(\".traversal-badge\").closest(\"ul\").should(\"have.class\", \"list-group\");",
              "err": {},
              "uuid": "60578669-ac0e-4aba-ba92-9f8f3360f8b4",
              "parentUUID": "b028880b-91e6-4ef1-8c65-03cc46611c2c",
              "isHook": false,
              "skipped": false
            },
            {
              "title": "eq() to retrieve a specific element based on index",
              "fullTitle": "Traversing DOM elements in Cypress eq() to retrieve a specific element based on index",
              "timedOut": null,
              "duration": 308,
              "state": "passed",
              "speed": "fast",
              "pass": true,
              "fail": false,
              "pending": false,
              "context": null,
              "code": "cy.get(\".traversal-drinks-list > *\").eq(2).should(\"contain\", \"Milk\");",
              "err": {},
              "uuid": "24070144-dba2-400e-99b1-e7107d68a352",
              "parentUUID": "b028880b-91e6-4ef1-8c65-03cc46611c2c",
              "isHook": false,
              "skipped": false
            },
            {
              "title": "filter() to retrieve DOM elements that match a specific selector",
              "fullTitle": "Traversing DOM elements in Cypress filter() to retrieve DOM elements that match a specific selector",
              "timedOut": null,
              "duration": 329,
              "state": "passed",
              "speed": "fast",
              "pass": true,
              "fail": false,
              "pending": false,
              "context": null,
              "code": "cy.get(\".btn-group-toggle > *\").filter(\".active\").should(\"contain\", \"Button-1\");",
              "err": {},
              "uuid": "71cb11b8-6958-4ff5-8a72-2816f8480005",
              "parentUUID": "b028880b-91e6-4ef1-8c65-03cc46611c2c",
              "isHook": false,
              "skipped": false
            },
            {
              "title": "find() to retrieve DOM elements of a given selector",
              "fullTitle": "Traversing DOM elements in Cypress find() to retrieve DOM elements of a given selector",
              "timedOut": null,
              "duration": 322,
              "state": "passed",
              "speed": "fast",
              "pass": true,
              "fail": false,
              "pending": false,
              "context": null,
              "code": "cy.get(\".traversal-pagination\").find(\"li\").find(\"a\").should(\"have.length\", 7);",
              "err": {},
              "uuid": "ba529ac9-553b-498d-8394-a865610c5a21",
              "parentUUID": "b028880b-91e6-4ef1-8c65-03cc46611c2c",
              "isHook": false,
              "skipped": false
            },
            {
              "title": "first() to retrieve the first DOM element within elements ",
              "fullTitle": "Traversing DOM elements in Cypress first() to retrieve the first DOM element within elements ",
              "timedOut": null,
              "duration": 296,
              "state": "passed",
              "speed": "fast",
              "pass": true,
              "fail": false,
              "pending": false,
              "context": null,
              "code": "cy.get(\".traversal-table > tbody > tr > td\").first().should(\"contain\", \"Andy\");",
              "err": {},
              "uuid": "1c954bce-617e-4f4b-a6c1-6839a3f36d03",
              "parentUUID": "b028880b-91e6-4ef1-8c65-03cc46611c2c",
              "isHook": false,
              "skipped": false
            },
            {
              "title": "last() to retrieve the last DOM element within elements",
              "fullTitle": "Traversing DOM elements in Cypress last() to retrieve the last DOM element within elements",
              "timedOut": null,
              "duration": 306,
              "state": "passed",
              "speed": "fast",
              "pass": true,
              "fail": false,
              "pending": false,
              "context": null,
              "code": "cy.get(\".traversal-table > tbody > tr > td\").last().should(\"contain\", \"Scott\");",
              "err": {},
              "uuid": "729eeb76-c29e-4506-ae8e-4c8553a89f97",
              "parentUUID": "b028880b-91e6-4ef1-8c65-03cc46611c2c",
              "isHook": false,
              "skipped": false
            },
            {
              "title": "nextAll() to get all of the next sibling DOM elements within elements",
              "fullTitle": "Traversing DOM elements in Cypress nextAll() to get all of the next sibling DOM elements within elements",
              "timedOut": null,
              "duration": 343,
              "state": "passed",
              "speed": "fast",
              "pass": true,
              "fail": false,
              "pending": false,
              "context": null,
              "code": "cy.get(\".traversal-drinks-list\").contains(\"Tea\").nextAll().should(\"have.length\", 3);",
              "err": {},
              "uuid": "0e67e894-bbc0-45aa-9512-5afc0b9c5b59",
              "parentUUID": "b028880b-91e6-4ef1-8c65-03cc46611c2c",
              "isHook": false,
              "skipped": false
            },
            {
              "title": "nextUntil() to get all of the next sibling DOM elements within elements until another element",
              "fullTitle": "Traversing DOM elements in Cypress nextUntil() to get all of the next sibling DOM elements within elements until another element",
              "timedOut": null,
              "duration": 343,
              "state": "passed",
              "speed": "fast",
              "pass": true,
              "fail": false,
              "pending": false,
              "context": null,
              "code": "cy.get(\"#coffee\").nextUntil(\"#milk\");",
              "err": {},
              "uuid": "c4be3a73-3fa0-4abc-8c6a-d79eec1b4f4d",
              "parentUUID": "b028880b-91e6-4ef1-8c65-03cc46611c2c",
              "isHook": false,
              "skipped": false
            },
            {
              "title": "not() to remove DOM element(s) from the set of elements",
              "fullTitle": "Traversing DOM elements in Cypress not() to remove DOM element(s) from the set of elements",
              "timedOut": null,
              "duration": 297,
              "state": "passed",
              "speed": "fast",
              "pass": true,
              "fail": false,
              "pending": false,
              "context": null,
              "code": "cy.get(\".traversal-button-states > button\").not(\".disabled\").should(\"not.have.class\", \"disabled\");",
              "err": {},
              "uuid": "2128973b-afd4-4b82-a4f3-0d1c4e73360e",
              "parentUUID": "b028880b-91e6-4ef1-8c65-03cc46611c2c",
              "isHook": false,
              "skipped": false
            },
            {
              "title": "parent() To get parent DOM element of elements",
              "fullTitle": "Traversing DOM elements in Cypress parent() To get parent DOM element of elements",
              "timedOut": null,
              "duration": 324,
              "state": "passed",
              "speed": "fast",
              "pass": true,
              "fail": false,
              "pending": false,
              "context": null,
              "code": "cy.get(\".traversal-mark\").parent().should(\"contain\", \"Lorem ipsum dolor sit amet\");",
              "err": {},
              "uuid": "016e5963-624c-4e32-b43c-07d842714c22",
              "parentUUID": "b028880b-91e6-4ef1-8c65-03cc46611c2c",
              "isHook": false,
              "skipped": false
            },
            {
              "title": "parents() to get parents DOM element of elements",
              "fullTitle": "Traversing DOM elements in Cypress parents() to get parents DOM element of elements",
              "timedOut": null,
              "duration": 306,
              "state": "passed",
              "speed": "fast",
              "pass": true,
              "fail": false,
              "pending": false,
              "context": null,
              "code": "cy.get(\".traversal-cite\").parents().should(\"match\", \"blockquote\");",
              "err": {},
              "uuid": "95e4a8cc-3bf5-4d16-8c6a-1e9301532886",
              "parentUUID": "b028880b-91e6-4ef1-8c65-03cc46611c2c",
              "isHook": false,
              "skipped": false
            },
            {
              "title": "prev() to get the previous sibling DOM element within elements",
              "fullTitle": "Traversing DOM elements in Cypress prev() to get the previous sibling DOM element within elements",
              "timedOut": null,
              "duration": 310,
              "state": "passed",
              "speed": "fast",
              "pass": true,
              "fail": false,
              "pending": false,
              "context": null,
              "code": "cy.get(\"#sugar\").prev().contains(\"Espresso\");",
              "err": {},
              "uuid": "056f8573-5027-4365-bd20-fa0c59049149",
              "parentUUID": "b028880b-91e6-4ef1-8c65-03cc46611c2c",
              "isHook": false,
              "skipped": false
            },
            {
              "title": "prevAll() to get all previous sibling DOM elements within elements",
              "fullTitle": "Traversing DOM elements in Cypress prevAll() to get all previous sibling DOM elements within elements",
              "timedOut": null,
              "duration": 290,
              "state": "passed",
              "speed": "fast",
              "pass": true,
              "fail": false,
              "pending": false,
              "context": null,
              "code": "cy.get(\".sales\").prevAll().should(\"have.length\", 2);",
              "err": {},
              "uuid": "9db7ac75-571a-4225-86e0-d397e930de3e",
              "parentUUID": "b028880b-91e6-4ef1-8c65-03cc46611c2c",
              "isHook": false,
              "skipped": false
            },
            {
              "title": "prevUntil() to get all previous sibling DOM elements within elements until other element",
              "fullTitle": "Traversing DOM elements in Cypress prevUntil() to get all previous sibling DOM elements within elements until other element",
              "timedOut": null,
              "duration": 383,
              "state": "passed",
              "speed": "fast",
              "pass": true,
              "fail": false,
              "pending": false,
              "context": null,
              "code": "cy.get(\"#veggie\").prevUntil(\"#fruits\").should(\"have.length\", 5);",
              "err": {},
              "uuid": "75e0414c-511f-4d90-a56d-6cac2e770ebf",
              "parentUUID": "b028880b-91e6-4ef1-8c65-03cc46611c2c",
              "isHook": false,
              "skipped": false
            },
            {
              "title": "siblings() To get all sibling DOM elements of elements",
              "fullTitle": "Traversing DOM elements in Cypress siblings() To get all sibling DOM elements of elements",
              "timedOut": null,
              "duration": 320,
              "state": "passed",
              "speed": "fast",
              "pass": true,
              "fail": false,
              "pending": false,
              "context": null,
              "code": "cy.get(\".traversal-button-other-states .active\").siblings().should(\"have.length\", 3);",
              "err": {},
              "uuid": "ba4ca866-b326-455d-9099-49d152c4a294",
              "parentUUID": "b028880b-91e6-4ef1-8c65-03cc46611c2c",
              "isHook": false,
              "skipped": false
            }
          ],
          "suites": [],
          "passes": [
            "9412e41f-3142-44cb-ba37-2cad9bd53d49",
            "60578669-ac0e-4aba-ba92-9f8f3360f8b4",
            "24070144-dba2-400e-99b1-e7107d68a352",
            "71cb11b8-6958-4ff5-8a72-2816f8480005",
            "ba529ac9-553b-498d-8394-a865610c5a21",
            "1c954bce-617e-4f4b-a6c1-6839a3f36d03",
            "729eeb76-c29e-4506-ae8e-4c8553a89f97",
            "0e67e894-bbc0-45aa-9512-5afc0b9c5b59",
            "c4be3a73-3fa0-4abc-8c6a-d79eec1b4f4d",
            "2128973b-afd4-4b82-a4f3-0d1c4e73360e",
            "016e5963-624c-4e32-b43c-07d842714c22",
            "95e4a8cc-3bf5-4d16-8c6a-1e9301532886",
            "056f8573-5027-4365-bd20-fa0c59049149",
            "9db7ac75-571a-4225-86e0-d397e930de3e",
            "75e0414c-511f-4d90-a56d-6cac2e770ebf",
            "ba4ca866-b326-455d-9099-49d152c4a294"
          ],
          "failures": [],
          "pending": [],
          "skipped": [],
          "duration": 6460,
          "root": false,
          "rootEmpty": false,
          "_timeout": 2000
        }
      ],
      "passes": [],
      "failures": [],
      "pending": [],
      "skipped": [],
      "duration": 0,
      "root": true,
      "rootEmpty": true,
      "_timeout": 2000
    },
    {
      "uuid": "e8c36dcd-c23e-42af-b452-d806c05f75b8",
      "title": "",
      "fullFile": "cypress/integration/automation-test-store/add-multiple-items-to-basket.js",
      "file": "cypress/integration/automation-test-store/add-multiple-items-to-basket.js",
      "beforeHooks": [],
      "afterHooks": [],
      "tests": [],
      "suites": [
        {
          "uuid": "0e790935-f076-4405-87b9-5e6eefeb3a82",
          "title": "Add multiple items to basket",
          "fullFile": "",
          "file": "",
          "beforeHooks": [],
          "afterHooks": [],
          "tests": [
            {
              "title": "Add specific items to basket",
              "fullTitle": "Add multiple items to basket Add specific items to basket",
              "timedOut": null,
              "duration": 23197,
              "state": "failed",
              "speed": null,
              "pass": false,
              "fail": true,
              "pending": false,
              "context": null,
              "code": "autoStore_HairCare_PO.addHairCareProductsToBasket();",
              "err": {
                "message": "CypressError: `cy.visit()` failed trying to load:\n\nhttps://automationteststore.com/\n\nWe attempted to make an http request to this URL but the request failed without a response.\n\nWe received this error at the network level:\n\n  > Error: connect ETIMEDOUT 68.66.248.49:443\n\nCommon situations why this would fail:\n  - you don't have internet access\n  - you forgot to run / boot your web server\n  - your web server isn't accessible\n  - you have weird network configuration settings on your computer\n\nBecause this error occurred during a `before each` hook we are skipping the remaining tests in the current suite: `Add multiple items to basket`",
                "estack": "CypressError: `cy.visit()` failed trying to load:\n\nhttps://automationteststore.com/\n\nWe attempted to make an http request to this URL but the request failed without a response.\n\nWe received this error at the network level:\n\n  > Error: connect ETIMEDOUT 68.66.248.49:443\n\nCommon situations why this would fail:\n  - you don't have internet access\n  - you forgot to run / boot your web server\n  - your web server isn't accessible\n  - you have weird network configuration settings on your computer\n\nBecause this error occurred during a `before each` hook we are skipping the remaining tests in the current suite: `Add multiple items to basket`\n    at https://automationteststore.com/__cypress/runner/cypress_runner.js:158279:82\n    at visitFailedByErr (https://automationteststore.com/__cypress/runner/cypress_runner.js:157632:12)\n    at https://automationteststore.com/__cypress/runner/cypress_runner.js:158278:11\n    at tryCatcher (https://automationteststore.com/__cypress/runner/cypress_runner.js:13196:23)\n    at Promise._settlePromiseFromHandler (https://automationteststore.com/__cypress/runner/cypress_runner.js:11131:31)\n    at Promise._settlePromise (https://automationteststore.com/__cypress/runner/cypress_runner.js:11188:18)\n    at Promise._settlePromise0 (https://automationteststore.com/__cypress/runner/cypress_runner.js:11233:10)\n    at Promise._settlePromises (https://automationteststore.com/__cypress/runner/cypress_runner.js:11309:18)\n    at _drainQueueStep (https://automationteststore.com/__cypress/runner/cypress_runner.js:7903:12)\n    at _drainQueue (https://automationteststore.com/__cypress/runner/cypress_runner.js:7896:9)\n    at Async.../../node_modules/bluebird/js/release/async.js.Async._drainQueues (https://automationteststore.com/__cypress/runner/cypress_runner.js:7912:5)\n    at Async.drainQueues (https://automationteststore.com/__cypress/runner/cypress_runner.js:7782:14)\nFrom Your Spec Code:\n    at AutoStore_Homepage_PO.accessHomepage (https://automationteststore.com/__cypress/tests?p=cypress\\integration\\automation-test-store\\add-multiple-items-to-basket.js:176:8)\n    at Context.eval (https://automationteststore.com/__cypress/tests?p=cypress\\integration\\automation-test-store\\add-multiple-items-to-basket.js:117:27)\n\nFrom Node.js Internals:\n  Error: connect ETIMEDOUT 68.66.248.49:443\n      at TCPConnectWrap.afterConnect [as oncomplete] (node:net:1142:16)\n  ",
                "diff": null
              },
              "uuid": "a50f5b75-3956-453d-b009-cb7276ed5d38",
              "parentUUID": "0e790935-f076-4405-87b9-5e6eefeb3a82",
              "isHook": false,
              "skipped": false
            }
          ],
          "suites": [],
          "passes": [],
          "failures": [
            "a50f5b75-3956-453d-b009-cb7276ed5d38"
          ],
          "pending": [],
          "skipped": [],
          "duration": 23197,
          "root": false,
          "rootEmpty": false,
          "_timeout": 2000
        }
      ],
      "passes": [],
      "failures": [],
      "pending": [],
      "skipped": [],
      "duration": 0,
      "root": true,
      "rootEmpty": true,
      "_timeout": 2000
    },
    {
      "uuid": "8167ae93-a7dd-46cb-bc83-52d0a1ab3d28",
      "title": "",
      "fullFile": "cypress/integration/automation-test-store/alias-invoke.js",
      "file": "cypress/integration/automation-test-store/alias-invoke.js",
      "beforeHooks": [],
      "afterHooks": [],
      "tests": [],
      "suites": [
        {
          "uuid": "5653ec1c-e505-42fe-a450-3a3b654224b1",
          "title": "Alias and invoke",
          "fullFile": "",
          "file": "",
          "beforeHooks": [],
          "afterHooks": [],
          "tests": [
            {
              "title": "Validate a specific hair care product",
              "fullTitle": "Alias and invoke Validate a specific hair care product",
              "timedOut": null,
              "duration": 0,
              "state": "skipped",
              "speed": null,
              "pass": false,
              "fail": false,
              "pending": false,
              "context": null,
              "code": "cy.visit(\"https://automationteststore.com/\");\ncy.get(\"a[href*='product/category&path']\").contains(\"Hair Care\").click();\ncy.get(\".fixed_wrapper .prdocutname\").eq(0).invoke(\"text\").as(\"productThumbnail\");\ncy.get(\"@productThumbnail\").its(\"length\").should(\"be.gt\", 5);\ncy.get(\"@productThumbnail\").should(\"include\", \"Seaweed Conditioner\");",
              "err": {},
              "uuid": "706883c3-21b7-4790-97b5-efc4ce3dded4",
              "parentUUID": "5653ec1c-e505-42fe-a450-3a3b654224b1",
              "isHook": false,
              "skipped": true
            },
            {
              "title": "Validate product thumbnail",
              "fullTitle": "Alias and invoke Validate product thumbnail",
              "timedOut": null,
              "duration": 0,
              "state": "skipped",
              "speed": null,
              "pass": false,
              "fail": false,
              "pending": false,
              "context": null,
              "code": "cy.visit(\"https://automationteststore.com/\");\ncy.get(\".thumbnail\").as(\"productThumbnail\");\ncy.get(\"@productThumbnail\").should(\"have.length\", 16);\ncy.get(\"@productThumbnail\").find(\".productcart\").invoke(\"attr\", \"title\").should(\"include\", \"Add to Cart\");",
              "err": {},
              "uuid": "4fb72e2a-083f-47e6-928f-e9c2008d424f",
              "parentUUID": "5653ec1c-e505-42fe-a450-3a3b654224b1",
              "isHook": false,
              "skipped": true
            },
            {
              "title": "Calculate total of normal and sale products",
              "fullTitle": "Alias and invoke Calculate total of normal and sale products",
              "timedOut": null,
              "duration": 0,
              "state": "skipped",
              "speed": null,
              "pass": false,
              "fail": false,
              "pending": false,
              "context": null,
              "code": "cy.visit(\"https://automationteststore.com/\"); // cy.get(\".thumbnail\")\n//   .as(\"productThumbnail\")\n//   .find(\".oneprice\")\n//   .each(($el, index, $list) => {\n//     cy.log($el.text());\n//   });\ncy.get(\".thumbnail\").find(\".oneprice\").invoke(\"text\").as(\"itemPrice\");\ncy.get(\".thumbnail\").find(\".pricenew\").invoke(\"text\").as(\"saleItemPrice\");\nvar itemsTotal = 0;\ncy.get(\"@itemPrice\").then($linkText => {\n  var itemPriceTotal = 0;\n  var itemPrice = $linkText.split(\"$\");\n  var i;\n  for (i = 0; i < itemPrice.length; i++) {\n    cy.log(itemPrice[i]);\n    itemPriceTotal += Number(itemPrice[i]);\n  }\n  itemsTotal += itemPriceTotal;\n  cy.log(\"Non sale price items total: \" + itemPriceTotal);\n});\ncy.get(\"@saleItemPrice\").then($linkText => {\n  var saleItemsPrice = 0;\n  var saleItemPrice = $linkText.split(\"$\");\n  var i;\n  for (i = 0; i < saleItemPrice.length; i++) {\n    cy.log(saleItemPrice[i]);\n    saleItemsPrice += Number(saleItemPrice[i]);\n  }\n  itemsTotal += saleItemsPrice;\n  cy.log(\"Sale price items total: \" + saleItemsPrice);\n}).then(() => {\n  cy.log(\"The total price of all products: \" + itemsTotal);\n  expect(itemsTotal).to.equal(648.5);\n});",
              "err": {},
              "uuid": "01fd8d80-68c0-4b26-a1b8-2ccdf7e3ea80",
              "parentUUID": "5653ec1c-e505-42fe-a450-3a3b654224b1",
              "isHook": false,
              "skipped": true
            }
          ],
          "suites": [],
          "passes": [],
          "failures": [],
          "pending": [],
          "skipped": [
            "706883c3-21b7-4790-97b5-efc4ce3dded4",
            "4fb72e2a-083f-47e6-928f-e9c2008d424f",
            "01fd8d80-68c0-4b26-a1b8-2ccdf7e3ea80"
          ],
          "duration": 0,
          "root": false,
          "rootEmpty": false,
          "_timeout": 2000
        }
      ],
      "passes": [],
      "failures": [],
      "pending": [],
      "skipped": [],
      "duration": 0,
      "root": true,
      "rootEmpty": true,
      "_timeout": 2000
    },
    {
      "uuid": "c5ac1841-eb6d-4849-b5ea-7ab3748ce207",
      "title": "",
      "fullFile": "cypress/integration/automation-test-store/add-multiple-items-to-basket.js",
      "file": "cypress/integration/automation-test-store/add-multiple-items-to-basket.js",
      "beforeHooks": [],
      "afterHooks": [],
      "tests": [],
      "suites": [
        {
          "uuid": "34c12617-2979-4b92-863a-517fa80348ac",
          "title": "Add multiple items to basket",
          "fullFile": "",
          "file": "",
          "beforeHooks": [],
          "afterHooks": [],
          "tests": [
            {
              "title": "Add specific items to basket",
              "fullTitle": "Add multiple items to basket Add specific items to basket",
              "timedOut": null,
              "duration": 30230,
              "state": "failed",
              "speed": null,
              "pass": false,
              "fail": true,
              "pending": false,
              "context": null,
              "code": "autoStore_HairCare_PO.addHairCareProductsToBasket();",
              "err": {
                "message": "CypressError: Timed out after waiting `30000ms` for your remote page to load.\n\nYour page did not fire its `load` event within `30000ms`.\n\nYou can try increasing the `pageLoadTimeout` value in `cypress.json` to wait longer.\n\nBrowsers will not fire the `load` event until all stylesheets and scripts are done downloading.\n\nWhen this `load` event occurs, Cypress will continue running commands.\n\nBecause this error occurred during a `before each` hook we are skipping the remaining tests in the current suite: `Add multiple items to basket`",
                "estack": "CypressError: Timed out after waiting `30000ms` for your remote page to load.\n\nYour page did not fire its `load` event within `30000ms`.\n\nYou can try increasing the `pageLoadTimeout` value in `cypress.json` to wait longer.\n\nBrowsers will not fire the `load` event until all stylesheets and scripts are done downloading.\n\nWhen this `load` event occurs, Cypress will continue running commands.\n\nBecause this error occurred during a `before each` hook we are skipping the remaining tests in the current suite: `Add multiple items to basket`\n    at timedOutWaitingForPageLoad (https://automationteststore.com/__cypress/runner/cypress_runner.js:157265:72)\n    at https://automationteststore.com/__cypress/runner/cypress_runner.js:158315:16\n    at tryCatcher (https://automationteststore.com/__cypress/runner/cypress_runner.js:13196:23)\n    at https://automationteststore.com/__cypress/runner/cypress_runner.js:8318:41\n    at tryCatcher (https://automationteststore.com/__cypress/runner/cypress_runner.js:13196:23)\n    at Promise._settlePromiseFromHandler (https://automationteststore.com/__cypress/runner/cypress_runner.js:11131:31)\n    at Promise._settlePromise (https://automationteststore.com/__cypress/runner/cypress_runner.js:11188:18)\n    at Promise._settlePromise0 (https://automationteststore.com/__cypress/runner/cypress_runner.js:11233:10)\n    at Promise._settlePromises (https://automationteststore.com/__cypress/runner/cypress_runner.js:11309:18)\n    at _drainQueueStep (https://automationteststore.com/__cypress/runner/cypress_runner.js:7903:12)\n    at _drainQueue (https://automationteststore.com/__cypress/runner/cypress_runner.js:7896:9)\n    at Async.../../node_modules/bluebird/js/release/async.js.Async._drainQueues (https://automationteststore.com/__cypress/runner/cypress_runner.js:7912:5)\n    at Async.drainQueues (https://automationteststore.com/__cypress/runner/cypress_runner.js:7782:14)\nFrom Your Spec Code:\n    at AutoStore_Homepage_PO.accessHomepage (https://automationteststore.com/__cypress/tests?p=cypress\\integration\\automation-test-store\\add-multiple-items-to-basket.js:176:8)\n    at Context.eval (https://automationteststore.com/__cypress/tests?p=cypress\\integration\\automation-test-store\\add-multiple-items-to-basket.js:117:27)",
                "diff": null
              },
              "uuid": "62ad8b43-9809-4838-a1e1-17dbc0d4c4ab",
              "parentUUID": "34c12617-2979-4b92-863a-517fa80348ac",
              "isHook": false,
              "skipped": false
            }
          ],
          "suites": [],
          "passes": [],
          "failures": [
            "62ad8b43-9809-4838-a1e1-17dbc0d4c4ab"
          ],
          "pending": [],
          "skipped": [],
          "duration": 30230,
          "root": false,
          "rootEmpty": false,
          "_timeout": 2000
        }
      ],
      "passes": [],
      "failures": [],
      "pending": [],
      "skipped": [],
      "duration": 0,
      "root": true,
      "rootEmpty": true,
      "_timeout": 2000
    }
  ],
  "meta": {
    "mocha": {
      "version": "7.0.1"
    },
    "mochawesome": {
      "options": {
        "quiet": false,
        "reportFilename": "mochawesome",
        "saveHtml": false,
        "saveJson": true,
        "consoleReporter": "spec",
        "useInlineDiffs": false,
        "code": true
      },
      "version": "7.0.1"
    },
    "marge": {
      "options": {
        "id": "default",
        "reportDir": "cypress/results/mochawesome",
        "quite": true,
        "overwrite": false,
        "html": false,
        "json": true
      },
      "version": "6.0.1"
    }
  }
}